[2m2023-02-23 15:37:46.670[0;39m [32m INFO[0;39m [35m6961[0;39m [2m---[0;39m [2m[           main][0;39m [36mc.young.log.PlumelogClientApplication   [0;39m [2m:[0;39m Starting PlumelogClientApplication using Java 17.0.6 with PID 6961 (/Users/young/IdeaProjects/plumelog-example/plumelog-client/target/classes started by young in /Users/young/IdeaProjects/plumelog-example)
[2m2023-02-23 15:37:46.689[0;39m [32m INFO[0;39m [35m6961[0;39m [2m---[0;39m [2m[           main][0;39m [36mc.young.log.PlumelogClientApplication   [0;39m [2m:[0;39m The following 1 profile is active: "dev"
[2m2023-02-23 15:37:46.836[0;39m [32m INFO[0;39m [35m6961[0;39m [2m---[0;39m [2m[           main][0;39m [36mc.young.log.PlumelogClientApplication   [0;39m [2m:[0;39m Started PlumelogClientApplication in 0.333 seconds (process running for 0.655)
[2m2023-02-23 15:38:24.372[0;39m [32m INFO[0;39m [35m6997[0;39m [2m---[0;39m [2m[           main][0;39m [36mc.young.log.PlumelogClientApplication   [0;39m [2m:[0;39m Starting PlumelogClientApplication using Java 17.0.6 with PID 6997 (/Users/young/IdeaProjects/plumelog-example/plumelog-client/target/classes started by young in /Users/young/IdeaProjects/plumelog-example)
[2m2023-02-23 15:38:24.396[0;39m [32m INFO[0;39m [35m6997[0;39m [2m---[0;39m [2m[           main][0;39m [36mc.young.log.PlumelogClientApplication   [0;39m [2m:[0;39m The following 1 profile is active: "default"
[2m2023-02-23 15:38:24.558[0;39m [32m INFO[0;39m [35m6997[0;39m [2m---[0;39m [2m[           main][0;39m [36mc.young.log.PlumelogClientApplication   [0;39m [2m:[0;39m Started PlumelogClientApplication in 0.379 seconds (process running for 0.899)
[2m2023-02-23 15:41:35.425[0;39m [32m INFO[0;39m [35m7177[0;39m [2m---[0;39m [2m[           main][0;39m [36mc.young.log.PlumelogClientApplication   [0;39m [2m:[0;39m Starting PlumelogClientApplication using Java 17.0.6 with PID 7177 (/Users/young/IdeaProjects/plumelog-example/plumelog-client/target/classes started by young in /Users/young/IdeaProjects/plumelog-example)
[2m2023-02-23 15:41:35.451[0;39m [32m INFO[0;39m [35m7177[0;39m [2m---[0;39m [2m[           main][0;39m [36mc.young.log.PlumelogClientApplication   [0;39m [2m:[0;39m The following 1 profile is active: "default"
[2m2023-02-23 15:41:35.754[0;39m [32m INFO[0;39m [35m7177[0;39m [2m---[0;39m [2m[           main][0;39m [36mo.s.b.w.embedded.tomcat.TomcatWebServer [0;39m [2m:[0;39m Tomcat initialized with port(s): 8000 (http)
[2m2023-02-23 15:41:35.758[0;39m [32m INFO[0;39m [35m7177[0;39m [2m---[0;39m [2m[           main][0;39m [36mo.a.coyote.http11.Http11NioProtocol     [0;39m [2m:[0;39m Initializing ProtocolHandler ["http-nio-8000"]
[2m2023-02-23 15:41:35.758[0;39m [32m INFO[0;39m [35m7177[0;39m [2m---[0;39m [2m[           main][0;39m [36mo.apache.catalina.core.StandardService  [0;39m [2m:[0;39m Starting service [Tomcat]
[2m2023-02-23 15:41:35.759[0;39m [32m INFO[0;39m [35m7177[0;39m [2m---[0;39m [2m[           main][0;39m [36mo.apache.catalina.core.StandardEngine   [0;39m [2m:[0;39m Starting Servlet engine: [Apache Tomcat/10.1.5]
[2m2023-02-23 15:41:35.794[0;39m [32m INFO[0;39m [35m7177[0;39m [2m---[0;39m [2m[           main][0;39m [36mo.a.c.c.C.[Tomcat].[localhost].[/]      [0;39m [2m:[0;39m Initializing Spring embedded WebApplicationContext
[2m2023-02-23 15:41:35.795[0;39m [32m INFO[0;39m [35m7177[0;39m [2m---[0;39m [2m[           main][0;39m [36mw.s.c.ServletWebServerApplicationContext[0;39m [2m:[0;39m Root WebApplicationContext: initialization completed in 324 ms
[2m2023-02-23 15:41:35.912[0;39m [32m INFO[0;39m [35m7177[0;39m [2m---[0;39m [2m[           main][0;39m [36mo.a.coyote.http11.Http11NioProtocol     [0;39m [2m:[0;39m Starting ProtocolHandler ["http-nio-8000"]
[2m2023-02-23 15:41:35.919[0;39m [32m INFO[0;39m [35m7177[0;39m [2m---[0;39m [2m[           main][0;39m [36mo.s.b.w.embedded.tomcat.TomcatWebServer [0;39m [2m:[0;39m Tomcat started on port(s): 8000 (http) with context path ''
[2m2023-02-23 15:41:35.923[0;39m [32m INFO[0;39m [35m7177[0;39m [2m---[0;39m [2m[           main][0;39m [36mc.young.log.PlumelogClientApplication   [0;39m [2m:[0;39m Started PlumelogClientApplication in 0.704 seconds (process running for 0.97)
[2m2023-02-23 15:41:39.049[0;39m [32m INFO[0;39m [35m7177[0;39m [2m---[0;39m [2m[nio-8000-exec-1][0;39m [36mo.a.c.c.C.[Tomcat].[localhost].[/]      [0;39m [2m:[0;39m Initializing Spring DispatcherServlet 'dispatcherServlet'
[2m2023-02-23 15:41:39.049[0;39m [32m INFO[0;39m [35m7177[0;39m [2m---[0;39m [2m[nio-8000-exec-1][0;39m [36mo.s.web.servlet.DispatcherServlet       [0;39m [2m:[0;39m Initializing Servlet 'dispatcherServlet'
[2m2023-02-23 15:41:39.050[0;39m [32m INFO[0;39m [35m7177[0;39m [2m---[0;39m [2m[nio-8000-exec-1][0;39m [36mo.s.web.servlet.DispatcherServlet       [0;39m [2m:[0;39m Completed initialization in 1 ms
[2m2023-02-23 15:41:43.261[0;39m [32m INFO[0;39m [35m7177[0;39m [2m---[0;39m [2m[nio-8000-exec-3][0;39m [36mcom.young.log.controller.LogController  [0;39m [2m:[0;39m this log is info
[2m2023-02-23 15:41:43.263[0;39m [33m WARN[0;39m [35m7177[0;39m [2m---[0;39m [2m[nio-8000-exec-3][0;39m [36mcom.young.log.controller.LogController  [0;39m [2m:[0;39m this log is warning
[2m2023-02-23 15:41:43.265[0;39m [31mERROR[0;39m [35m7177[0;39m [2m---[0;39m [2m[nio-8000-exec-3][0;39m [36mcom.young.log.controller.LogController  [0;39m [2m:[0;39m this log is error
[2m2023-02-23 15:54:09.059[0;39m [32m INFO[0;39m [35m7177[0;39m [2m---[0;39m [2m[nio-8000-exec-8][0;39m [36mcom.young.log.controller.LogController  [0;39m [2m:[0;39m this log is info
[2m2023-02-23 15:54:09.063[0;39m [33m WARN[0;39m [35m7177[0;39m [2m---[0;39m [2m[nio-8000-exec-8][0;39m [36mcom.young.log.controller.LogController  [0;39m [2m:[0;39m this log is warning
[2m2023-02-23 15:54:09.064[0;39m [31mERROR[0;39m [35m7177[0;39m [2m---[0;39m [2m[nio-8000-exec-8][0;39m [36mcom.young.log.controller.LogController  [0;39m [2m:[0;39m this log is error
[2m2023-02-23 15:54:42.243[0;39m [32m INFO[0;39m [35m7177[0;39m [2m---[0;39m [2m[nio-8000-exec-9][0;39m [36mcom.young.log.controller.LogController  [0;39m [2m:[0;39m this log is info
[2m2023-02-23 15:54:42.246[0;39m [33m WARN[0;39m [35m7177[0;39m [2m---[0;39m [2m[nio-8000-exec-9][0;39m [36mcom.young.log.controller.LogController  [0;39m [2m:[0;39m this log is warning
[2m2023-02-23 15:54:42.246[0;39m [31mERROR[0;39m [35m7177[0;39m [2m---[0;39m [2m[nio-8000-exec-9][0;39m [36mcom.young.log.controller.LogController  [0;39m [2m:[0;39m this log is error
[2m2023-02-23 15:54:58.613[0;39m [32m INFO[0;39m [35m7177[0;39m [2m---[0;39m [2m[io-8000-exec-10][0;39m [36mcom.young.log.controller.LogController  [0;39m [2m:[0;39m this log is info
[2m2023-02-23 15:54:58.616[0;39m [33m WARN[0;39m [35m7177[0;39m [2m---[0;39m [2m[io-8000-exec-10][0;39m [36mcom.young.log.controller.LogController  [0;39m [2m:[0;39m this log is warning
[2m2023-02-23 15:54:58.616[0;39m [31mERROR[0;39m [35m7177[0;39m [2m---[0;39m [2m[io-8000-exec-10][0;39m [36mcom.young.log.controller.LogController  [0;39m [2m:[0;39m this log is error
[2m2023-02-23 15:56:59.139[0;39m [32m INFO[0;39m [35m7177[0;39m [2m---[0;39m [2m[nio-8000-exec-3][0;39m [36mcom.young.log.controller.LogController  [0;39m [2m:[0;39m this log is info
[2m2023-02-23 15:56:59.142[0;39m [33m WARN[0;39m [35m7177[0;39m [2m---[0;39m [2m[nio-8000-exec-3][0;39m [36mcom.young.log.controller.LogController  [0;39m [2m:[0;39m this log is warning
[2m2023-02-23 15:56:59.143[0;39m [31mERROR[0;39m [35m7177[0;39m [2m---[0;39m [2m[nio-8000-exec-3][0;39m [36mcom.young.log.controller.LogController  [0;39m [2m:[0;39m this log is error
[2m2023-02-23 15:56:59.855[0;39m [32m INFO[0;39m [35m7177[0;39m [2m---[0;39m [2m[nio-8000-exec-4][0;39m [36mcom.young.log.controller.LogController  [0;39m [2m:[0;39m this log is info
[2m2023-02-23 15:56:59.856[0;39m [33m WARN[0;39m [35m7177[0;39m [2m---[0;39m [2m[nio-8000-exec-4][0;39m [36mcom.young.log.controller.LogController  [0;39m [2m:[0;39m this log is warning
[2m2023-02-23 15:56:59.856[0;39m [31mERROR[0;39m [35m7177[0;39m [2m---[0;39m [2m[nio-8000-exec-4][0;39m [36mcom.young.log.controller.LogController  [0;39m [2m:[0;39m this log is error
[2m2023-02-23 15:57:00.509[0;39m [32m INFO[0;39m [35m7177[0;39m [2m---[0;39m [2m[nio-8000-exec-5][0;39m [36mcom.young.log.controller.LogController  [0;39m [2m:[0;39m this log is info
[2m2023-02-23 15:57:00.509[0;39m [33m WARN[0;39m [35m7177[0;39m [2m---[0;39m [2m[nio-8000-exec-5][0;39m [36mcom.young.log.controller.LogController  [0;39m [2m:[0;39m this log is warning
[2m2023-02-23 15:57:00.510[0;39m [31mERROR[0;39m [35m7177[0;39m [2m---[0;39m [2m[nio-8000-exec-5][0;39m [36mcom.young.log.controller.LogController  [0;39m [2m:[0;39m this log is error
[2m2023-02-23 15:57:01.030[0;39m [32m INFO[0;39m [35m7177[0;39m [2m---[0;39m [2m[nio-8000-exec-6][0;39m [36mcom.young.log.controller.LogController  [0;39m [2m:[0;39m this log is info
[2m2023-02-23 15:57:01.031[0;39m [33m WARN[0;39m [35m7177[0;39m [2m---[0;39m [2m[nio-8000-exec-6][0;39m [36mcom.young.log.controller.LogController  [0;39m [2m:[0;39m this log is warning
[2m2023-02-23 15:57:01.031[0;39m [31mERROR[0;39m [35m7177[0;39m [2m---[0;39m [2m[nio-8000-exec-6][0;39m [36mcom.young.log.controller.LogController  [0;39m [2m:[0;39m this log is error
[2m2023-02-23 15:57:01.475[0;39m [32m INFO[0;39m [35m7177[0;39m [2m---[0;39m [2m[nio-8000-exec-7][0;39m [36mcom.young.log.controller.LogController  [0;39m [2m:[0;39m this log is info
[2m2023-02-23 15:57:01.477[0;39m [33m WARN[0;39m [35m7177[0;39m [2m---[0;39m [2m[nio-8000-exec-7][0;39m [36mcom.young.log.controller.LogController  [0;39m [2m:[0;39m this log is warning
[2m2023-02-23 15:57:01.478[0;39m [31mERROR[0;39m [35m7177[0;39m [2m---[0;39m [2m[nio-8000-exec-7][0;39m [36mcom.young.log.controller.LogController  [0;39m [2m:[0;39m this log is error
[2m2023-02-23 15:57:01.793[0;39m [32m INFO[0;39m [35m7177[0;39m [2m---[0;39m [2m[nio-8000-exec-8][0;39m [36mcom.young.log.controller.LogController  [0;39m [2m:[0;39m this log is info
[2m2023-02-23 15:57:01.794[0;39m [33m WARN[0;39m [35m7177[0;39m [2m---[0;39m [2m[nio-8000-exec-8][0;39m [36mcom.young.log.controller.LogController  [0;39m [2m:[0;39m this log is warning
[2m2023-02-23 15:57:01.795[0;39m [31mERROR[0;39m [35m7177[0;39m [2m---[0;39m [2m[nio-8000-exec-8][0;39m [36mcom.young.log.controller.LogController  [0;39m [2m:[0;39m this log is error
[2m2023-02-23 15:57:28.498[0;39m [32m INFO[0;39m [35m7177[0;39m [2m---[0;39m [2m[nio-8000-exec-9][0;39m [36mcom.young.log.controller.LogController  [0;39m [2m:[0;39m this log is info
[2m2023-02-23 15:57:28.500[0;39m [33m WARN[0;39m [35m7177[0;39m [2m---[0;39m [2m[nio-8000-exec-9][0;39m [36mcom.young.log.controller.LogController  [0;39m [2m:[0;39m this log is warning
[2m2023-02-23 15:57:28.500[0;39m [31mERROR[0;39m [35m7177[0;39m [2m---[0;39m [2m[nio-8000-exec-9][0;39m [36mcom.young.log.controller.LogController  [0;39m [2m:[0;39m this log is error
[2m2023-02-23 15:57:29.263[0;39m [32m INFO[0;39m [35m7177[0;39m [2m---[0;39m [2m[io-8000-exec-10][0;39m [36mcom.young.log.controller.LogController  [0;39m [2m:[0;39m this log is info
[2m2023-02-23 15:57:29.264[0;39m [33m WARN[0;39m [35m7177[0;39m [2m---[0;39m [2m[io-8000-exec-10][0;39m [36mcom.young.log.controller.LogController  [0;39m [2m:[0;39m this log is warning
[2m2023-02-23 15:57:29.266[0;39m [31mERROR[0;39m [35m7177[0;39m [2m---[0;39m [2m[io-8000-exec-10][0;39m [36mcom.young.log.controller.LogController  [0;39m [2m:[0;39m this log is error
[2m2023-02-23 15:57:35.058[0;39m [32m INFO[0;39m [35m7177[0;39m [2m---[0;39m [2m[nio-8000-exec-1][0;39m [36mcom.young.log.controller.LogController  [0;39m [2m:[0;39m this log is info
[2m2023-02-23 15:57:35.059[0;39m [33m WARN[0;39m [35m7177[0;39m [2m---[0;39m [2m[nio-8000-exec-1][0;39m [36mcom.young.log.controller.LogController  [0;39m [2m:[0;39m this log is warning
[2m2023-02-23 15:57:35.060[0;39m [31mERROR[0;39m [35m7177[0;39m [2m---[0;39m [2m[nio-8000-exec-1][0;39m [36mcom.young.log.controller.LogController  [0;39m [2m:[0;39m this log is error
[2m2023-02-23 15:57:35.615[0;39m [32m INFO[0;39m [35m7177[0;39m [2m---[0;39m [2m[nio-8000-exec-2][0;39m [36mcom.young.log.controller.LogController  [0;39m [2m:[0;39m this log is info
[2m2023-02-23 15:57:35.617[0;39m [33m WARN[0;39m [35m7177[0;39m [2m---[0;39m [2m[nio-8000-exec-2][0;39m [36mcom.young.log.controller.LogController  [0;39m [2m:[0;39m this log is warning
[2m2023-02-23 15:57:35.618[0;39m [31mERROR[0;39m [35m7177[0;39m [2m---[0;39m [2m[nio-8000-exec-2][0;39m [36mcom.young.log.controller.LogController  [0;39m [2m:[0;39m this log is error
[2m2023-02-23 15:57:35.927[0;39m [32m INFO[0;39m [35m7177[0;39m [2m---[0;39m [2m[nio-8000-exec-3][0;39m [36mcom.young.log.controller.LogController  [0;39m [2m:[0;39m this log is info
[2m2023-02-23 15:57:35.928[0;39m [33m WARN[0;39m [35m7177[0;39m [2m---[0;39m [2m[nio-8000-exec-3][0;39m [36mcom.young.log.controller.LogController  [0;39m [2m:[0;39m this log is warning
[2m2023-02-23 15:57:35.929[0;39m [31mERROR[0;39m [35m7177[0;39m [2m---[0;39m [2m[nio-8000-exec-3][0;39m [36mcom.young.log.controller.LogController  [0;39m [2m:[0;39m this log is error
[2m2023-02-23 15:57:43.745[0;39m [32m INFO[0;39m [35m7177[0;39m [2m---[0;39m [2m[nio-8000-exec-4][0;39m [36mcom.young.log.controller.LogController  [0;39m [2m:[0;39m this log is info
[2m2023-02-23 15:57:43.746[0;39m [33m WARN[0;39m [35m7177[0;39m [2m---[0;39m [2m[nio-8000-exec-4][0;39m [36mcom.young.log.controller.LogController  [0;39m [2m:[0;39m this log is warning
[2m2023-02-23 15:57:43.747[0;39m [31mERROR[0;39m [35m7177[0;39m [2m---[0;39m [2m[nio-8000-exec-4][0;39m [36mcom.young.log.controller.LogController  [0;39m [2m:[0;39m this log is error
[2m2023-02-23 15:57:44.428[0;39m [32m INFO[0;39m [35m7177[0;39m [2m---[0;39m [2m[nio-8000-exec-5][0;39m [36mcom.young.log.controller.LogController  [0;39m [2m:[0;39m this log is info
[2m2023-02-23 15:57:44.428[0;39m [33m WARN[0;39m [35m7177[0;39m [2m---[0;39m [2m[nio-8000-exec-5][0;39m [36mcom.young.log.controller.LogController  [0;39m [2m:[0;39m this log is warning
[2m2023-02-23 15:57:44.429[0;39m [31mERROR[0;39m [35m7177[0;39m [2m---[0;39m [2m[nio-8000-exec-5][0;39m [36mcom.young.log.controller.LogController  [0;39m [2m:[0;39m this log is error
[2m2023-02-23 15:57:45.092[0;39m [32m INFO[0;39m [35m7177[0;39m [2m---[0;39m [2m[nio-8000-exec-6][0;39m [36mcom.young.log.controller.LogController  [0;39m [2m:[0;39m this log is info
[2m2023-02-23 15:57:45.093[0;39m [33m WARN[0;39m [35m7177[0;39m [2m---[0;39m [2m[nio-8000-exec-6][0;39m [36mcom.young.log.controller.LogController  [0;39m [2m:[0;39m this log is warning
[2m2023-02-23 15:57:45.093[0;39m [31mERROR[0;39m [35m7177[0;39m [2m---[0;39m [2m[nio-8000-exec-6][0;39m [36mcom.young.log.controller.LogController  [0;39m [2m:[0;39m this log is error
[2m2023-02-23 15:59:10.602[0;39m [32m INFO[0;39m [35m8252[0;39m [2m---[0;39m [2m[           main][0;39m [36mc.young.log.PlumelogClientApplication   [0;39m [2m:[0;39m Starting PlumelogClientApplication using Java 17.0.6 with PID 8252 (/Users/young/IdeaProjects/plumelog-example/plumelog-client/target/classes started by young in /Users/young/IdeaProjects/plumelog-example)
[2m2023-02-23 15:59:10.632[0;39m [32m INFO[0;39m [35m8252[0;39m [2m---[0;39m [2m[           main][0;39m [36mc.young.log.PlumelogClientApplication   [0;39m [2m:[0;39m The following 1 profile is active: "default"
[2m2023-02-23 15:59:10.919[0;39m [32m INFO[0;39m [35m8252[0;39m [2m---[0;39m [2m[           main][0;39m [36mo.s.b.w.embedded.tomcat.TomcatWebServer [0;39m [2m:[0;39m Tomcat initialized with port(s): 8000 (http)
[2m2023-02-23 15:59:10.922[0;39m [32m INFO[0;39m [35m8252[0;39m [2m---[0;39m [2m[           main][0;39m [36mo.a.coyote.http11.Http11NioProtocol     [0;39m [2m:[0;39m Initializing ProtocolHandler ["http-nio-8000"]
[2m2023-02-23 15:59:10.923[0;39m [32m INFO[0;39m [35m8252[0;39m [2m---[0;39m [2m[           main][0;39m [36mo.apache.catalina.core.StandardService  [0;39m [2m:[0;39m Starting service [Tomcat]
[2m2023-02-23 15:59:10.923[0;39m [32m INFO[0;39m [35m8252[0;39m [2m---[0;39m [2m[           main][0;39m [36mo.apache.catalina.core.StandardEngine   [0;39m [2m:[0;39m Starting Servlet engine: [Apache Tomcat/10.1.5]
[2m2023-02-23 15:59:10.951[0;39m [32m INFO[0;39m [35m8252[0;39m [2m---[0;39m [2m[           main][0;39m [36mo.a.c.c.C.[Tomcat].[localhost].[/]      [0;39m [2m:[0;39m Initializing Spring embedded WebApplicationContext
[2m2023-02-23 15:59:10.952[0;39m [32m INFO[0;39m [35m8252[0;39m [2m---[0;39m [2m[           main][0;39m [36mw.s.c.ServletWebServerApplicationContext[0;39m [2m:[0;39m Root WebApplicationContext: initialization completed in 300 ms
[2m2023-02-23 15:59:11.051[0;39m [32m INFO[0;39m [35m8252[0;39m [2m---[0;39m [2m[           main][0;39m [36mo.a.coyote.http11.Http11NioProtocol     [0;39m [2m:[0;39m Starting ProtocolHandler ["http-nio-8000"]
[2m2023-02-23 15:59:11.057[0;39m [32m INFO[0;39m [35m8252[0;39m [2m---[0;39m [2m[           main][0;39m [36mo.s.b.w.embedded.tomcat.TomcatWebServer [0;39m [2m:[0;39m Tomcat started on port(s): 8000 (http) with context path ''
[2m2023-02-23 15:59:11.060[0;39m [32m INFO[0;39m [35m8252[0;39m [2m---[0;39m [2m[           main][0;39m [36mc.young.log.PlumelogClientApplication   [0;39m [2m:[0;39m Started PlumelogClientApplication in 0.667 seconds (process running for 0.875)
[2m2023-02-23 15:59:27.021[0;39m [32m INFO[0;39m [35m8252[0;39m [2m---[0;39m [2m[nio-8000-exec-1][0;39m [36mo.a.c.c.C.[Tomcat].[localhost].[/]      [0;39m [2m:[0;39m Initializing Spring DispatcherServlet 'dispatcherServlet'
[2m2023-02-23 15:59:27.021[0;39m [32m INFO[0;39m [35m8252[0;39m [2m---[0;39m [2m[nio-8000-exec-1][0;39m [36mo.s.web.servlet.DispatcherServlet       [0;39m [2m:[0;39m Initializing Servlet 'dispatcherServlet'
[2m2023-02-23 15:59:27.022[0;39m [32m INFO[0;39m [35m8252[0;39m [2m---[0;39m [2m[nio-8000-exec-1][0;39m [36mo.s.web.servlet.DispatcherServlet       [0;39m [2m:[0;39m Completed initialization in 1 ms
[2m2023-02-23 15:59:27.032[0;39m [32m INFO[0;39m [35m8252[0;39m [2m---[0;39m [2m[nio-8000-exec-1][0;39m [36mcom.young.log.controller.LogController  [0;39m [2m:[0;39m this log is info
[2m2023-02-23 15:59:27.033[0;39m [33m WARN[0;39m [35m8252[0;39m [2m---[0;39m [2m[nio-8000-exec-1][0;39m [36mcom.young.log.controller.LogController  [0;39m [2m:[0;39m this log is warning
[2m2023-02-23 15:59:27.033[0;39m [31mERROR[0;39m [35m8252[0;39m [2m---[0;39m [2m[nio-8000-exec-1][0;39m [36mcom.young.log.controller.LogController  [0;39m [2m:[0;39m this log is error
[2m2023-02-23 16:01:59.557[0;39m [32m INFO[0;39m [35m8252[0;39m [2m---[0;39m [2m[nio-8000-exec-4][0;39m [36mcom.young.log.controller.LogController  [0;39m [2m:[0;39m this log is info
[2m2023-02-23 16:01:59.559[0;39m [33m WARN[0;39m [35m8252[0;39m [2m---[0;39m [2m[nio-8000-exec-4][0;39m [36mcom.young.log.controller.LogController  [0;39m [2m:[0;39m this log is warning
[2m2023-02-23 16:01:59.559[0;39m [31mERROR[0;39m [35m8252[0;39m [2m---[0;39m [2m[nio-8000-exec-4][0;39m [36mcom.young.log.controller.LogController  [0;39m [2m:[0;39m this log is error
[2m2023-02-23 16:03:49.984[0;39m [32m INFO[0;39m [35m8252[0;39m [2m---[0;39m [2m[nio-8000-exec-6][0;39m [36mcom.young.log.controller.LogController  [0;39m [2m:[0;39m this log is info
[2m2023-02-23 16:03:49.986[0;39m [33m WARN[0;39m [35m8252[0;39m [2m---[0;39m [2m[nio-8000-exec-6][0;39m [36mcom.young.log.controller.LogController  [0;39m [2m:[0;39m this log is warning
[2m2023-02-23 16:03:49.986[0;39m [31mERROR[0;39m [35m8252[0;39m [2m---[0;39m [2m[nio-8000-exec-6][0;39m [36mcom.young.log.controller.LogController  [0;39m [2m:[0;39m this log is error
[2m2023-02-23 16:07:40.455[0;39m [32m INFO[0;39m [35m8252[0;39m [2m---[0;39m [2m[nio-8000-exec-7][0;39m [36mcom.young.log.controller.LogController  [0;39m [2m:[0;39m this log is info
[2m2023-02-23 16:07:40.456[0;39m [33m WARN[0;39m [35m8252[0;39m [2m---[0;39m [2m[nio-8000-exec-7][0;39m [36mcom.young.log.controller.LogController  [0;39m [2m:[0;39m this log is warning
[2m2023-02-23 16:07:40.456[0;39m [31mERROR[0;39m [35m8252[0;39m [2m---[0;39m [2m[nio-8000-exec-7][0;39m [36mcom.young.log.controller.LogController  [0;39m [2m:[0;39m this log is error
[2m2023-02-23 16:11:49.022[0;39m [32m INFO[0;39m [35m8252[0;39m [2m---[0;39m [2m[nio-8000-exec-9][0;39m [36mcom.young.log.controller.LogController  [0;39m [2m:[0;39m this log is info
[2m2023-02-23 16:11:49.024[0;39m [33m WARN[0;39m [35m8252[0;39m [2m---[0;39m [2m[nio-8000-exec-9][0;39m [36mcom.young.log.controller.LogController  [0;39m [2m:[0;39m this log is warning
[2m2023-02-23 16:11:49.024[0;39m [31mERROR[0;39m [35m8252[0;39m [2m---[0;39m [2m[nio-8000-exec-9][0;39m [36mcom.young.log.controller.LogController  [0;39m [2m:[0;39m this log is error
[2m2023-02-23 16:11:56.251[0;39m [32m INFO[0;39m [35m8252[0;39m [2m---[0;39m [2m[nio-8000-exec-1][0;39m [36mcom.young.log.controller.LogController  [0;39m [2m:[0;39m this log is info
[2m2023-02-23 16:11:56.253[0;39m [33m WARN[0;39m [35m8252[0;39m [2m---[0;39m [2m[nio-8000-exec-1][0;39m [36mcom.young.log.controller.LogController  [0;39m [2m:[0;39m this log is warning
[2m2023-02-23 16:11:56.253[0;39m [31mERROR[0;39m [35m8252[0;39m [2m---[0;39m [2m[nio-8000-exec-1][0;39m [36mcom.young.log.controller.LogController  [0;39m [2m:[0;39m this log is error
[2m2023-02-23 16:12:52.946[0;39m [32m INFO[0;39m [35m8252[0;39m [2m---[0;39m [2m[nio-8000-exec-3][0;39m [36mcom.young.log.controller.LogController  [0;39m [2m:[0;39m this log is info
[2m2023-02-23 16:12:52.947[0;39m [33m WARN[0;39m [35m8252[0;39m [2m---[0;39m [2m[nio-8000-exec-3][0;39m [36mcom.young.log.controller.LogController  [0;39m [2m:[0;39m this log is warning
[2m2023-02-23 16:12:52.948[0;39m [31mERROR[0;39m [35m8252[0;39m [2m---[0;39m [2m[nio-8000-exec-3][0;39m [36mcom.young.log.controller.LogController  [0;39m [2m:[0;39m this log is error
[2m2023-02-23 16:12:53.680[0;39m [32m INFO[0;39m [35m8252[0;39m [2m---[0;39m [2m[nio-8000-exec-5][0;39m [36mcom.young.log.controller.LogController  [0;39m [2m:[0;39m this log is info
[2m2023-02-23 16:12:53.681[0;39m [33m WARN[0;39m [35m8252[0;39m [2m---[0;39m [2m[nio-8000-exec-5][0;39m [36mcom.young.log.controller.LogController  [0;39m [2m:[0;39m this log is warning
[2m2023-02-23 16:12:53.681[0;39m [31mERROR[0;39m [35m8252[0;39m [2m---[0;39m [2m[nio-8000-exec-5][0;39m [36mcom.young.log.controller.LogController  [0;39m [2m:[0;39m this log is error
[2m2023-02-23 16:12:54.158[0;39m [32m INFO[0;39m [35m8252[0;39m [2m---[0;39m [2m[nio-8000-exec-7][0;39m [36mcom.young.log.controller.LogController  [0;39m [2m:[0;39m this log is info
[2m2023-02-23 16:12:54.159[0;39m [33m WARN[0;39m [35m8252[0;39m [2m---[0;39m [2m[nio-8000-exec-7][0;39m [36mcom.young.log.controller.LogController  [0;39m [2m:[0;39m this log is warning
[2m2023-02-23 16:12:54.159[0;39m [31mERROR[0;39m [35m8252[0;39m [2m---[0;39m [2m[nio-8000-exec-7][0;39m [36mcom.young.log.controller.LogController  [0;39m [2m:[0;39m this log is error
[2m2023-02-23 16:12:54.437[0;39m [32m INFO[0;39m [35m8252[0;39m [2m---[0;39m [2m[nio-8000-exec-9][0;39m [36mcom.young.log.controller.LogController  [0;39m [2m:[0;39m this log is info
[2m2023-02-23 16:12:54.438[0;39m [33m WARN[0;39m [35m8252[0;39m [2m---[0;39m [2m[nio-8000-exec-9][0;39m [36mcom.young.log.controller.LogController  [0;39m [2m:[0;39m this log is warning
[2m2023-02-23 16:12:54.438[0;39m [31mERROR[0;39m [35m8252[0;39m [2m---[0;39m [2m[nio-8000-exec-9][0;39m [36mcom.young.log.controller.LogController  [0;39m [2m:[0;39m this log is error
[2m2023-02-23 16:12:54.653[0;39m [32m INFO[0;39m [35m8252[0;39m [2m---[0;39m [2m[nio-8000-exec-1][0;39m [36mcom.young.log.controller.LogController  [0;39m [2m:[0;39m this log is info
[2m2023-02-23 16:12:54.654[0;39m [33m WARN[0;39m [35m8252[0;39m [2m---[0;39m [2m[nio-8000-exec-1][0;39m [36mcom.young.log.controller.LogController  [0;39m [2m:[0;39m this log is warning
[2m2023-02-23 16:12:54.654[0;39m [31mERROR[0;39m [35m8252[0;39m [2m---[0;39m [2m[nio-8000-exec-1][0;39m [36mcom.young.log.controller.LogController  [0;39m [2m:[0;39m this log is error
[2m2023-02-23 16:12:54.842[0;39m [32m INFO[0;39m [35m8252[0;39m [2m---[0;39m [2m[nio-8000-exec-3][0;39m [36mcom.young.log.controller.LogController  [0;39m [2m:[0;39m this log is info
[2m2023-02-23 16:12:54.842[0;39m [33m WARN[0;39m [35m8252[0;39m [2m---[0;39m [2m[nio-8000-exec-3][0;39m [36mcom.young.log.controller.LogController  [0;39m [2m:[0;39m this log is warning
[2m2023-02-23 16:12:54.842[0;39m [31mERROR[0;39m [35m8252[0;39m [2m---[0;39m [2m[nio-8000-exec-3][0;39m [36mcom.young.log.controller.LogController  [0;39m [2m:[0;39m this log is error
[2m2023-02-23 16:16:34.945[0;39m [32m INFO[0;39m [35m9264[0;39m [2m---[0;39m [2m[           main][0;39m [36mc.young.log.PlumelogClientApplication   [0;39m [2m:[0;39m Starting PlumelogClientApplication using Java 17.0.6 with PID 9264 (/Users/young/IdeaProjects/plumelog-example/plumelog-client/target/classes started by young in /Users/young/IdeaProjects/plumelog-example)
[2m2023-02-23 16:16:34.991[0;39m [32m INFO[0;39m [35m9264[0;39m [2m---[0;39m [2m[           main][0;39m [36mc.young.log.PlumelogClientApplication   [0;39m [2m:[0;39m The following 1 profile is active: "default"
[2m2023-02-23 16:16:35.270[0;39m [32m INFO[0;39m [35m9264[0;39m [2m---[0;39m [2m[           main][0;39m [36mo.s.b.w.embedded.tomcat.TomcatWebServer [0;39m [2m:[0;39m Tomcat initialized with port(s): 8000 (http)
[2m2023-02-23 16:16:35.274[0;39m [32m INFO[0;39m [35m9264[0;39m [2m---[0;39m [2m[           main][0;39m [36mo.a.coyote.http11.Http11NioProtocol     [0;39m [2m:[0;39m Initializing ProtocolHandler ["http-nio-8000"]
[2m2023-02-23 16:16:35.275[0;39m [32m INFO[0;39m [35m9264[0;39m [2m---[0;39m [2m[           main][0;39m [36mo.apache.catalina.core.StandardService  [0;39m [2m:[0;39m Starting service [Tomcat]
[2m2023-02-23 16:16:35.275[0;39m [32m INFO[0;39m [35m9264[0;39m [2m---[0;39m [2m[           main][0;39m [36mo.apache.catalina.core.StandardEngine   [0;39m [2m:[0;39m Starting Servlet engine: [Apache Tomcat/10.1.5]
[2m2023-02-23 16:16:35.307[0;39m [32m INFO[0;39m [35m9264[0;39m [2m---[0;39m [2m[           main][0;39m [36mo.a.c.c.C.[Tomcat].[localhost].[/]      [0;39m [2m:[0;39m Initializing Spring embedded WebApplicationContext
[2m2023-02-23 16:16:35.308[0;39m [32m INFO[0;39m [35m9264[0;39m [2m---[0;39m [2m[           main][0;39m [36mw.s.c.ServletWebServerApplicationContext[0;39m [2m:[0;39m Root WebApplicationContext: initialization completed in 298 ms
[2m2023-02-23 16:16:35.407[0;39m [32m INFO[0;39m [35m9264[0;39m [2m---[0;39m [2m[           main][0;39m [36mo.a.coyote.http11.Http11NioProtocol     [0;39m [2m:[0;39m Starting ProtocolHandler ["http-nio-8000"]
[2m2023-02-23 16:16:35.412[0;39m [32m INFO[0;39m [35m9264[0;39m [2m---[0;39m [2m[           main][0;39m [36mo.s.b.w.embedded.tomcat.TomcatWebServer [0;39m [2m:[0;39m Tomcat started on port(s): 8000 (http) with context path ''
[2m2023-02-23 16:16:35.417[0;39m [32m INFO[0;39m [35m9264[0;39m [2m---[0;39m [2m[           main][0;39m [36mc.young.log.PlumelogClientApplication   [0;39m [2m:[0;39m Started PlumelogClientApplication in 0.663 seconds (process running for 0.971)
[2m2023-02-23 16:16:39.376[0;39m [32m INFO[0;39m [35m9264[0;39m [2m---[0;39m [2m[nio-8000-exec-1][0;39m [36mo.a.c.c.C.[Tomcat].[localhost].[/]      [0;39m [2m:[0;39m Initializing Spring DispatcherServlet 'dispatcherServlet'
[2m2023-02-23 16:16:39.376[0;39m [32m INFO[0;39m [35m9264[0;39m [2m---[0;39m [2m[nio-8000-exec-1][0;39m [36mo.s.web.servlet.DispatcherServlet       [0;39m [2m:[0;39m Initializing Servlet 'dispatcherServlet'
[2m2023-02-23 16:16:39.377[0;39m [32m INFO[0;39m [35m9264[0;39m [2m---[0;39m [2m[nio-8000-exec-1][0;39m [36mo.s.web.servlet.DispatcherServlet       [0;39m [2m:[0;39m Completed initialization in 1 ms
[2m2023-02-23 16:16:39.388[0;39m [32m INFO[0;39m [35m9264[0;39m [2m---[0;39m [2m[nio-8000-exec-1][0;39m [36mcom.young.log.controller.LogController  [0;39m [2m:[0;39m this log is info
[2m2023-02-23 16:16:39.388[0;39m [33m WARN[0;39m [35m9264[0;39m [2m---[0;39m [2m[nio-8000-exec-1][0;39m [36mcom.young.log.controller.LogController  [0;39m [2m:[0;39m this log is warning
[2m2023-02-23 16:16:39.388[0;39m [31mERROR[0;39m [35m9264[0;39m [2m---[0;39m [2m[nio-8000-exec-1][0;39m [36mcom.young.log.controller.LogController  [0;39m [2m:[0;39m this log is error
[2m2023-02-23 16:21:43.631[0;39m [32m INFO[0;39m [35m9264[0;39m [2m---[0;39m [2m[nio-8000-exec-3][0;39m [36mcom.young.log.controller.LogController  [0;39m [2m:[0;39m this log is info
[2m2023-02-23 16:21:43.632[0;39m [33m WARN[0;39m [35m9264[0;39m [2m---[0;39m [2m[nio-8000-exec-3][0;39m [36mcom.young.log.controller.LogController  [0;39m [2m:[0;39m this log is warning
[2m2023-02-23 16:21:43.633[0;39m [31mERROR[0;39m [35m9264[0;39m [2m---[0;39m [2m[nio-8000-exec-3][0;39m [36mcom.young.log.controller.LogController  [0;39m [2m:[0;39m this log is error
[2m2023-02-23 16:21:48.448[0;39m [32m INFO[0;39m [35m9264[0;39m [2m---[0;39m [2m[nio-8000-exec-5][0;39m [36mcom.young.log.controller.LogController  [0;39m [2m:[0;39m this log is info
[2m2023-02-23 16:21:48.449[0;39m [33m WARN[0;39m [35m9264[0;39m [2m---[0;39m [2m[nio-8000-exec-5][0;39m [36mcom.young.log.controller.LogController  [0;39m [2m:[0;39m this log is warning
[2m2023-02-23 16:21:48.449[0;39m [31mERROR[0;39m [35m9264[0;39m [2m---[0;39m [2m[nio-8000-exec-5][0;39m [36mcom.young.log.controller.LogController  [0;39m [2m:[0;39m this log is error
[2m2023-02-23 16:22:43.135[0;39m [32m INFO[0;39m [35m9264[0;39m [2m---[0;39m [2m[nio-8000-exec-7][0;39m [36mcom.young.log.controller.LogController  [0;39m [2m:[0;39m this log is info
[2m2023-02-23 16:22:43.140[0;39m [33m WARN[0;39m [35m9264[0;39m [2m---[0;39m [2m[nio-8000-exec-7][0;39m [36mcom.young.log.controller.LogController  [0;39m [2m:[0;39m this log is warning
[2m2023-02-23 16:22:43.140[0;39m [31mERROR[0;39m [35m9264[0;39m [2m---[0;39m [2m[nio-8000-exec-7][0;39m [36mcom.young.log.controller.LogController  [0;39m [2m:[0;39m this log is error
[2m2023-02-23 16:23:54.237[0;39m [32m INFO[0;39m [35m9707[0;39m [2m---[0;39m [2m[           main][0;39m [36mc.young.log.PlumelogClientApplication   [0;39m [2m:[0;39m Starting PlumelogClientApplication using Java 17.0.6 with PID 9707 (/Users/young/IdeaProjects/plumelog-example/plumelog-client/target/classes started by young in /Users/young/IdeaProjects/plumelog-example)
[2m2023-02-23 16:23:54.264[0;39m [32m INFO[0;39m [35m9707[0;39m [2m---[0;39m [2m[           main][0;39m [36mc.young.log.PlumelogClientApplication   [0;39m [2m:[0;39m The following 1 profile is active: "default"
[2m2023-02-23 16:23:54.547[0;39m [32m INFO[0;39m [35m9707[0;39m [2m---[0;39m [2m[           main][0;39m [36mo.s.b.w.embedded.tomcat.TomcatWebServer [0;39m [2m:[0;39m Tomcat initialized with port(s): 8000 (http)
[2m2023-02-23 16:23:54.551[0;39m [32m INFO[0;39m [35m9707[0;39m [2m---[0;39m [2m[           main][0;39m [36mo.a.coyote.http11.Http11NioProtocol     [0;39m [2m:[0;39m Initializing ProtocolHandler ["http-nio-8000"]
[2m2023-02-23 16:23:54.551[0;39m [32m INFO[0;39m [35m9707[0;39m [2m---[0;39m [2m[           main][0;39m [36mo.apache.catalina.core.StandardService  [0;39m [2m:[0;39m Starting service [Tomcat]
[2m2023-02-23 16:23:54.551[0;39m [32m INFO[0;39m [35m9707[0;39m [2m---[0;39m [2m[           main][0;39m [36mo.apache.catalina.core.StandardEngine   [0;39m [2m:[0;39m Starting Servlet engine: [Apache Tomcat/10.1.5]
[2m2023-02-23 16:23:54.578[0;39m [32m INFO[0;39m [35m9707[0;39m [2m---[0;39m [2m[           main][0;39m [36mo.a.c.c.C.[Tomcat].[localhost].[/]      [0;39m [2m:[0;39m Initializing Spring embedded WebApplicationContext
[2m2023-02-23 16:23:54.579[0;39m [32m INFO[0;39m [35m9707[0;39m [2m---[0;39m [2m[           main][0;39m [36mw.s.c.ServletWebServerApplicationContext[0;39m [2m:[0;39m Root WebApplicationContext: initialization completed in 295 ms
[2m2023-02-23 16:23:54.678[0;39m [32m INFO[0;39m [35m9707[0;39m [2m---[0;39m [2m[           main][0;39m [36mo.a.coyote.http11.Http11NioProtocol     [0;39m [2m:[0;39m Starting ProtocolHandler ["http-nio-8000"]
[2m2023-02-23 16:23:54.683[0;39m [32m INFO[0;39m [35m9707[0;39m [2m---[0;39m [2m[           main][0;39m [36mo.s.b.w.embedded.tomcat.TomcatWebServer [0;39m [2m:[0;39m Tomcat started on port(s): 8000 (http) with context path ''
[2m2023-02-23 16:23:54.687[0;39m [32m INFO[0;39m [35m9707[0;39m [2m---[0;39m [2m[           main][0;39m [36mc.young.log.PlumelogClientApplication   [0;39m [2m:[0;39m Started PlumelogClientApplication in 0.663 seconds (process running for 0.849)
[2m2023-02-23 16:25:29.590[0;39m [32m INFO[0;39m [35m9707[0;39m [2m---[0;39m [2m[nio-8000-exec-1][0;39m [36mo.a.c.c.C.[Tomcat].[localhost].[/]      [0;39m [2m:[0;39m Initializing Spring DispatcherServlet 'dispatcherServlet'
[2m2023-02-23 16:25:29.591[0;39m [32m INFO[0;39m [35m9707[0;39m [2m---[0;39m [2m[nio-8000-exec-1][0;39m [36mo.s.web.servlet.DispatcherServlet       [0;39m [2m:[0;39m Initializing Servlet 'dispatcherServlet'
[2m2023-02-23 16:25:29.593[0;39m [32m INFO[0;39m [35m9707[0;39m [2m---[0;39m [2m[nio-8000-exec-1][0;39m [36mo.s.web.servlet.DispatcherServlet       [0;39m [2m:[0;39m Completed initialization in 2 ms
[2m2023-02-23 16:25:29.616[0;39m [32m INFO[0;39m [35m9707[0;39m [2m---[0;39m [2m[nio-8000-exec-1][0;39m [36mcom.young.log.controller.LogController  [0;39m [2m:[0;39m this log is info
[2m2023-02-23 16:25:29.616[0;39m [33m WARN[0;39m [35m9707[0;39m [2m---[0;39m [2m[nio-8000-exec-1][0;39m [36mcom.young.log.controller.LogController  [0;39m [2m:[0;39m this log is warning
[2m2023-02-23 16:25:29.616[0;39m [31mERROR[0;39m [35m9707[0;39m [2m---[0;39m [2m[nio-8000-exec-1][0;39m [36mcom.young.log.controller.LogController  [0;39m [2m:[0;39m this log is error
[2m2023-02-23 16:25:29.616[0;39m [32m INFO[0;39m [35m9707[0;39m [2m---[0;39m [2m[nio-8000-exec-1][0;39m [36mcom.young.log.controller.LogController  [0;39m [2m:[0;39m print log : 谭健成
